<?xml version="1.0" encoding="UTF-8"?>
<!-- Generated by org.testng.reporters.JUnitXMLReporter -->
<testsuite ignored="2" hostname="Shalu" failures="3" tests="3" name="Surefire test" time="5.095" errors="0" timestamp="2025-04-01T20:51:58 IST">
  <testcase classname="com.qa.shopping.tests.HomePageTest" name="loginPageTitleTest" time="0.002">
    <failure type="java.lang.NullPointerException" message="Cannot invoke &amp;quot;java.util.Properties.getProperty(String)&amp;quot; because &amp;quot;this.prop&amp;quot; is null">
      <![CDATA[java.lang.NullPointerException: Cannot invoke "java.util.Properties.getProperty(String)" because "this.prop" is null
at com.qa.shopping.tests.HomePageTest.loginPageTitleTest(HomePageTest.java:16)
at java.base/java.util.ArrayList.forEach(ArrayList.java:1511)
... Removed 32 stack frames]]>
    </failure>
  </testcase> <!-- loginPageTitleTest -->
  <testcase classname="com.qa.shopping.tests.HomePageTest" name="doSearchItem" time="0.0">
    <failure type="java.lang.NullPointerException" message="Cannot invoke &amp;quot;com.qa.shopping.pages.HomePage.searchItem()&amp;quot; because &amp;quot;this.hp&amp;quot; is null">
      <![CDATA[java.lang.NullPointerException: Cannot invoke "com.qa.shopping.pages.HomePage.searchItem()" because "this.hp" is null
at com.qa.shopping.tests.HomePageTest.doSearchItem(HomePageTest.java:22)
at java.base/java.util.ArrayList.forEach(ArrayList.java:1511)
... Removed 32 stack frames]]>
    </failure>
  </testcase> <!-- doSearchItem -->
  <testcase classname="com.qa.shopping.tests.HomePageTest" name="doSearchItemClick" time="0.001">
    <failure type="java.lang.NullPointerException" message="Cannot invoke &amp;quot;com.qa.shopping.pages.HomePage.doFilter()&amp;quot; because &amp;quot;this.hp&amp;quot; is null">
      <![CDATA[java.lang.NullPointerException: Cannot invoke "com.qa.shopping.pages.HomePage.doFilter()" because "this.hp" is null
at com.qa.shopping.tests.HomePageTest.doSearchItemClick(HomePageTest.java:28)
at java.base/java.util.ArrayList.forEach(ArrayList.java:1511)
... Removed 32 stack frames]]>
    </failure>
  </testcase> <!-- doSearchItemClick -->
  <testcase classname="com.qa.shopping.tests.BaseTest" name="@AfterTest teardown" time="0.0">
    <ignored/>
  </testcase> <!-- @AfterTest teardown -->
  <testcase classname="com.qa.shopping.tests.BaseTest" name="@BeforeTest setup" time="0.0">
    <ignored/>
  </testcase> <!-- @BeforeTest setup -->
</testsuite> <!-- Surefire test -->
